Microsoft (R) Macro Assembler Version 6.11		    04/29/10 16:34:21
isupport.asm						     Page 1 - 1


					.386p
					.387
					.model flat,c

 00000000			.CODE

				;***********************************************************************
				; get register value
				;***********************************************************************
 00000000			igetRegister32 proc c public uses edx, iobase:DWORD
 00000004  52			    	push 	edx
					
 00000005  B8 00000000			mov	eax, 0
 0000000A  BA 00000000			mov	edx, 0
					
 0000000F  8B 45 08		    	mov 	eax, iobase   
 00000012  66| 8B D0		 	mov 	dx, ax    
 00000015  B8 00000000			mov 	eax, 0
 0000001A  ED				in 	eax, dx 

 0000001B  5A				pop	edx
					ret
 0000001F			igetRegister32 endp

				;***********************************************************************
				; set register value
				;***********************************************************************
 0000001F			isetRegister32 proc c public uses edx, value:DWORD, iobase:DWORD
 00000023  52			   	push 	edx
					
 00000024  B8 00000000			mov	eax, 0
 00000029  BA 00000000			mov	edx, 0
					
 0000002E  8B 45 0C		    	mov 	eax, iobase   
 00000031  66| 8B D0		 	mov 	dx, ax    
 00000034  8B 45 08			mov 	eax, value
 00000037  EF				out 	dx, eax 

 00000038  5A				pop	edx
					ret
 0000003C			isetRegister32 endp

				end
Microsoft (R) Macro Assembler Version 6.11		    04/29/10 16:34:21
isupport.asm						     Symbols 2 - 1




Segments and Groups:

                N a m e                 Size     Length   Align   Combine Class

FLAT . . . . . . . . . . . . . .	GROUP
_DATA  . . . . . . . . . . . . .	32 Bit	 00000000 DWord	  Public  'DATA'	
_TEXT  . . . . . . . . . . . . .	32 Bit	 0000003C DWord	  Public  'CODE'	


Procedures,  parameters and locals:

                N a m e                 Type     Value    Attr

igetRegister32 . . . . . . . . .	P Near	 00000000 _TEXT	Length= 0000001F Public C
  iobase . . . . . . . . . . . .	DWord	 bp + 00000008
isetRegister32 . . . . . . . . .	P Near	 0000001F _TEXT	Length= 0000001D Public C
  value  . . . . . . . . . . . .	DWord	 bp + 00000008
  iobase . . . . . . . . . . . .	DWord	 bp + 0000000C


Symbols:

                N a m e                 Type     Value    Attr

@CodeSize  . . . . . . . . . . .	Number	 00000000h   
@DataSize  . . . . . . . . . . .	Number	 00000000h   
@Interface . . . . . . . . . . .	Number	 00000001h   
@Model . . . . . . . . . . . . .	Number	 00000007h   
@code  . . . . . . . . . . . . .	Text   	 _TEXT
@data  . . . . . . . . . . . . .	Text   	 FLAT
@fardata?  . . . . . . . . . . .	Text   	 FLAT
@fardata . . . . . . . . . . . .	Text   	 FLAT
@stack . . . . . . . . . . . . .	Text   	 FLAT

	   0 Warnings
	   0 Errors
